This file contains any messages produced by compilers while
running configure, to aid debugging if configure makes a mistake.

It was created by RealBoy configure 0.2.2, which was
generated by GNU Autoconf 2.69.  Invocation command line was

  $ /home/saskyrar/Development/Languages/C++/mine/Realboy-Clone/configure 

## --------- ##
## Platform. ##
## --------- ##

hostname = my-szboo
uname -m = x86_64
uname -r = 3.13.0-71-generic
uname -s = Linux
uname -v = #114-Ubuntu SMP Tue Dec 1 02:34:22 UTC 2015

/usr/bin/uname -p = unknown
/bin/uname -X     = unknown

/bin/arch              = unknown
/usr/bin/arch -k       = unknown
/usr/convex/getsysinfo = unknown
/usr/bin/hostinfo      = unknown
/bin/machine           = unknown
/usr/bin/oslevel       = unknown
/bin/universe          = unknown

PATH: /home/saskyrar/Qt/5.5/gcc_64/bin
PATH: /usr/bin
PATH: /usr/local/sbin
PATH: /usr/local/bin
PATH: /usr/sbin
PATH: /usr/bin
PATH: /sbin
PATH: /bin
PATH: /usr/games
PATH: /usr/local/games


## ----------- ##
## Core tests. ##
## ----------- ##

configure:2202: checking build system type
configure:2216: result: x86_64-unknown-linux-gnu
configure:2236: checking host system type
configure:2249: result: x86_64-unknown-linux-gnu
configure:2269: checking target system type
configure:2282: result: x86_64-unknown-linux-gnu
configure:2360: checking for gcc
configure:2376: found /usr/bin/gcc
configure:2387: result: gcc
configure:2616: checking for C compiler version
configure:2625: gcc --version >&5
gcc (Ubuntu 4.8.4-2ubuntu1~14.04) 4.8.4
Copyright (C) 2013 Free Software Foundation, Inc.
This is free software; see the source for copying conditions.  There is NO
warranty; not even for MERCHANTABILITY or FITNESS FOR A PARTICULAR PURPOSE.

configure:2636: $? = 0
configure:2625: gcc -v >&5
Using built-in specs.
COLLECT_GCC=gcc
COLLECT_LTO_WRAPPER=/usr/lib/gcc/x86_64-linux-gnu/4.8/lto-wrapper
Target: x86_64-linux-gnu
Configured with: ../src/configure -v --with-pkgversion='Ubuntu 4.8.4-2ubuntu1~14.04' --with-bugurl=file:///usr/share/doc/gcc-4.8/README.Bugs --enable-languages=c,c++,java,go,d,fortran,objc,obj-c++ --prefix=/usr --program-suffix=-4.8 --enable-shared --enable-linker-build-id --libexecdir=/usr/lib --without-included-gettext --enable-threads=posix --with-gxx-include-dir=/usr/include/c++/4.8 --libdir=/usr/lib --enable-nls --with-sysroot=/ --enable-clocale=gnu --enable-libstdcxx-debug --enable-libstdcxx-time=yes --enable-gnu-unique-object --disable-libmudflap --enable-plugin --with-system-zlib --disable-browser-plugin --enable-java-awt=gtk --enable-gtk-cairo --with-java-home=/usr/lib/jvm/java-1.5.0-gcj-4.8-amd64/jre --enable-java-home --with-jvm-root-dir=/usr/lib/jvm/java-1.5.0-gcj-4.8-amd64 --with-jvm-jar-dir=/usr/lib/jvm-exports/java-1.5.0-gcj-4.8-amd64 --with-arch-directory=amd64 --with-ecj-jar=/usr/share/java/eclipse-ecj.jar --enable-objc-gc --enable-multiarch --disable-werror --with-arch-32=i686 --with-abi=m64 --with-multilib-list=m32,m64,mx32 --with-tune=generic --enable-checking=release --build=x86_64-linux-gnu --host=x86_64-linux-gnu --target=x86_64-linux-gnu
Thread model: posix
gcc version 4.8.4 (Ubuntu 4.8.4-2ubuntu1~14.04) 
configure:2636: $? = 0
configure:2625: gcc -V >&5
gcc: error: unrecognized command line option '-V'
gcc: fatal error: no input files
compilation terminated.
configure:2636: $? = 4
configure:2625: gcc -qversion >&5
gcc: error: unrecognized command line option '-qversion'
gcc: fatal error: no input files
compilation terminated.
configure:2636: $? = 4
configure:2656: checking whether the C compiler works
configure:2678: gcc    conftest.c  >&5
configure:2682: $? = 0
configure:2730: result: yes
configure:2733: checking for C compiler default output file name
configure:2735: result: a.out
configure:2741: checking for suffix of executables
configure:2748: gcc -o conftest    conftest.c  >&5
configure:2752: $? = 0
configure:2774: result: 
configure:2796: checking whether we are cross compiling
configure:2804: gcc -o conftest    conftest.c  >&5
configure:2808: $? = 0
configure:2815: ./conftest
configure:2819: $? = 0
configure:2834: result: no
configure:2839: checking for suffix of object files
configure:2861: gcc -c   conftest.c >&5
configure:2865: $? = 0
configure:2886: result: o
configure:2890: checking whether we are using the GNU C compiler
configure:2909: gcc -c   conftest.c >&5
configure:2909: $? = 0
configure:2918: result: yes
configure:2927: checking whether gcc accepts -g
configure:2947: gcc -c -g  conftest.c >&5
configure:2947: $? = 0
configure:2988: result: yes
configure:3005: checking for gcc option to accept ISO C89
configure:3068: gcc  -c -g -O2  conftest.c >&5
configure:3068: $? = 0
configure:3081: result: none needed
configure:3106: checking whether gcc understands -c and -o together
configure:3128: gcc -c conftest.c -o conftest2.o
configure:3131: $? = 0
configure:3128: gcc -c conftest.c -o conftest2.o
configure:3131: $? = 0
configure:3143: result: yes
configure:3181: checking for style of include used by make
configure:3209: result: GNU
configure:3241: checking dependency style of gcc
configure:3350: result: none
configure:3384: checking for a BSD-compatible install
configure:3452: result: /usr/bin/install -c
configure:3463: checking whether build environment is sane
configure:3518: result: yes
configure:3666: checking for a thread-safe mkdir -p
configure:3705: result: /bin/mkdir -p
configure:3712: checking for gawk
configure:3728: found /usr/bin/gawk
configure:3739: result: gawk
configure:3750: checking whether make sets $(MAKE)
configure:3772: result: yes
configure:3792: checking whether make supports nested variables
configure:3809: result: yes
configure:3894: checking dependency style of gcc
configure:4005: result: none
configure:4112: checking for gcc
configure:4139: result: gcc
configure:4368: checking for C compiler version
configure:4377: gcc --version >&5
gcc (Ubuntu 4.8.4-2ubuntu1~14.04) 4.8.4
Copyright (C) 2013 Free Software Foundation, Inc.
This is free software; see the source for copying conditions.  There is NO
warranty; not even for MERCHANTABILITY or FITNESS FOR A PARTICULAR PURPOSE.

configure:4388: $? = 0
configure:4377: gcc -v >&5
Using built-in specs.
COLLECT_GCC=gcc
COLLECT_LTO_WRAPPER=/usr/lib/gcc/x86_64-linux-gnu/4.8/lto-wrapper
Target: x86_64-linux-gnu
Configured with: ../src/configure -v --with-pkgversion='Ubuntu 4.8.4-2ubuntu1~14.04' --with-bugurl=file:///usr/share/doc/gcc-4.8/README.Bugs --enable-languages=c,c++,java,go,d,fortran,objc,obj-c++ --prefix=/usr --program-suffix=-4.8 --enable-shared --enable-linker-build-id --libexecdir=/usr/lib --without-included-gettext --enable-threads=posix --with-gxx-include-dir=/usr/include/c++/4.8 --libdir=/usr/lib --enable-nls --with-sysroot=/ --enable-clocale=gnu --enable-libstdcxx-debug --enable-libstdcxx-time=yes --enable-gnu-unique-object --disable-libmudflap --enable-plugin --with-system-zlib --disable-browser-plugin --enable-java-awt=gtk --enable-gtk-cairo --with-java-home=/usr/lib/jvm/java-1.5.0-gcj-4.8-amd64/jre --enable-java-home --with-jvm-root-dir=/usr/lib/jvm/java-1.5.0-gcj-4.8-amd64 --with-jvm-jar-dir=/usr/lib/jvm-exports/java-1.5.0-gcj-4.8-amd64 --with-arch-directory=amd64 --with-ecj-jar=/usr/share/java/eclipse-ecj.jar --enable-objc-gc --enable-multiarch --disable-werror --with-arch-32=i686 --with-abi=m64 --with-multilib-list=m32,m64,mx32 --with-tune=generic --enable-checking=release --build=x86_64-linux-gnu --host=x86_64-linux-gnu --target=x86_64-linux-gnu
Thread model: posix
gcc version 4.8.4 (Ubuntu 4.8.4-2ubuntu1~14.04) 
configure:4388: $? = 0
configure:4377: gcc -V >&5
gcc: error: unrecognized command line option '-V'
gcc: fatal error: no input files
compilation terminated.
configure:4388: $? = 4
configure:4377: gcc -qversion >&5
gcc: error: unrecognized command line option '-qversion'
gcc: fatal error: no input files
compilation terminated.
configure:4388: $? = 4
configure:4392: checking whether we are using the GNU C compiler
configure:4420: result: yes
configure:4429: checking whether gcc accepts -g
configure:4490: result: yes
configure:4507: checking for gcc option to accept ISO C89
configure:4583: result: none needed
configure:4608: checking whether gcc understands -c and -o together
configure:4645: result: yes
configure:4666: checking for SDL_Init in -lSDL
configure:4691: gcc -o conftest -g -O2   conftest.c -lSDL   >&5
configure:4691: $? = 0
configure:4700: result: yes
configure:4720: checking how to run the C preprocessor
configure:4751: gcc -E  conftest.c
configure:4751: $? = 0
configure:4765: gcc -E  conftest.c
conftest.c:12:28: fatal error: ac_nonexistent.h: No such file or directory
 #include <ac_nonexistent.h>
                            ^
compilation terminated.
configure:4765: $? = 1
configure: failed program was:
| /* confdefs.h */
| #define PACKAGE_NAME "RealBoy"
| #define PACKAGE_TARNAME "realboy"
| #define PACKAGE_VERSION "0.2.2"
| #define PACKAGE_STRING "RealBoy 0.2.2"
| #define PACKAGE_BUGREPORT ""
| #define PACKAGE_URL ""
| #define PACKAGE "realboy"
| #define VERSION "0.2.2"
| #define HAVE_LIBSDL 1
| /* end confdefs.h.  */
| #include <ac_nonexistent.h>
configure:4790: result: gcc -E
configure:4810: gcc -E  conftest.c
configure:4810: $? = 0
configure:4824: gcc -E  conftest.c
conftest.c:12:28: fatal error: ac_nonexistent.h: No such file or directory
 #include <ac_nonexistent.h>
                            ^
compilation terminated.
configure:4824: $? = 1
configure: failed program was:
| /* confdefs.h */
| #define PACKAGE_NAME "RealBoy"
| #define PACKAGE_TARNAME "realboy"
| #define PACKAGE_VERSION "0.2.2"
| #define PACKAGE_STRING "RealBoy 0.2.2"
| #define PACKAGE_BUGREPORT ""
| #define PACKAGE_URL ""
| #define PACKAGE "realboy"
| #define VERSION "0.2.2"
| #define HAVE_LIBSDL 1
| /* end confdefs.h.  */
| #include <ac_nonexistent.h>
configure:4853: checking for grep that handles long lines and -e
configure:4911: result: /bin/grep
configure:4916: checking for egrep
configure:4978: result: /bin/grep -E
configure:4983: checking for ANSI C header files
configure:5003: gcc -c -g -O2  conftest.c >&5
configure:5003: $? = 0
configure:5076: gcc -o conftest -g -O2   conftest.c -lSDL  >&5
configure:5076: $? = 0
configure:5076: ./conftest
configure:5076: $? = 0
configure:5087: result: yes
configure:5100: checking for sys/types.h
configure:5100: gcc -c -g -O2  conftest.c >&5
configure:5100: $? = 0
configure:5100: result: yes
configure:5100: checking for sys/stat.h
configure:5100: gcc -c -g -O2  conftest.c >&5
configure:5100: $? = 0
configure:5100: result: yes
configure:5100: checking for stdlib.h
configure:5100: gcc -c -g -O2  conftest.c >&5
configure:5100: $? = 0
configure:5100: result: yes
configure:5100: checking for string.h
configure:5100: gcc -c -g -O2  conftest.c >&5
configure:5100: $? = 0
configure:5100: result: yes
configure:5100: checking for memory.h
configure:5100: gcc -c -g -O2  conftest.c >&5
configure:5100: $? = 0
configure:5100: result: yes
configure:5100: checking for strings.h
configure:5100: gcc -c -g -O2  conftest.c >&5
configure:5100: $? = 0
configure:5100: result: yes
configure:5100: checking for inttypes.h
configure:5100: gcc -c -g -O2  conftest.c >&5
configure:5100: $? = 0
configure:5100: result: yes
configure:5100: checking for stdint.h
configure:5100: gcc -c -g -O2  conftest.c >&5
configure:5100: $? = 0
configure:5100: result: yes
configure:5100: checking for unistd.h
configure:5100: gcc -c -g -O2  conftest.c >&5
configure:5100: $? = 0
configure:5100: result: yes
configure:5115: checking fcntl.h usability
configure:5115: gcc -c -g -O2  conftest.c >&5
configure:5115: $? = 0
configure:5115: result: yes
configure:5115: checking fcntl.h presence
configure:5115: gcc -E  conftest.c
configure:5115: $? = 0
configure:5115: result: yes
configure:5115: checking for fcntl.h
configure:5115: result: yes
configure:5115: checking for stdlib.h
configure:5115: result: yes
configure:5115: checking for string.h
configure:5115: result: yes
configure:5115: checking sys/time.h usability
configure:5115: gcc -c -g -O2  conftest.c >&5
configure:5115: $? = 0
configure:5115: result: yes
configure:5115: checking sys/time.h presence
configure:5115: gcc -E  conftest.c
configure:5115: $? = 0
configure:5115: result: yes
configure:5115: checking for sys/time.h
configure:5115: result: yes
configure:5115: checking termios.h usability
configure:5115: gcc -c -g -O2  conftest.c >&5
configure:5115: $? = 0
configure:5115: result: yes
configure:5115: checking termios.h presence
configure:5115: gcc -E  conftest.c
configure:5115: $? = 0
configure:5115: result: yes
configure:5115: checking for termios.h
configure:5115: result: yes
configure:5115: checking for unistd.h
configure:5115: result: yes
configure:5115: checking SDL/SDL.h usability
configure:5115: gcc -c -g -O2  conftest.c >&5
configure:5115: $? = 0
configure:5115: result: yes
configure:5115: checking SDL/SDL.h presence
configure:5115: gcc -E  conftest.c
configure:5115: $? = 0
configure:5115: result: yes
configure:5115: checking for SDL/SDL.h
configure:5115: result: yes
configure:5132: checking for atexit
configure:5132: gcc -o conftest -g -O2   conftest.c -lSDL  >&5
configure:5132: $? = 0
configure:5132: result: yes
configure:5132: checking for getcwd
configure:5132: gcc -o conftest -g -O2   conftest.c -lSDL  >&5
configure:5132: $? = 0
configure:5132: result: yes
configure:5132: checking for gettimeofday
configure:5132: gcc -o conftest -g -O2   conftest.c -lSDL  >&5
configure:5132: $? = 0
configure:5132: result: yes
configure:5132: checking for memset
configure:5132: gcc -o conftest -g -O2   conftest.c -lSDL  >&5
conftest.c:55:6: warning: conflicting types for built-in function 'memset' [enabled by default]
 char memset ();
      ^
configure:5132: $? = 0
configure:5132: result: yes
configure:5132: checking for strndup
configure:5132: gcc -o conftest -g -O2   conftest.c -lSDL  >&5
conftest.c:56:6: warning: conflicting types for built-in function 'strndup' [enabled by default]
 char strndup ();
      ^
configure:5132: $? = 0
configure:5132: result: yes
configure:5292: checking that generated files are newer than configure
configure:5298: result: done
configure:5325: creating ./config.status

## ---------------------- ##
## Running config.status. ##
## ---------------------- ##

This file was extended by RealBoy config.status 0.2.2, which was
generated by GNU Autoconf 2.69.  Invocation command line was

  CONFIG_FILES    = 
  CONFIG_HEADERS  = 
  CONFIG_LINKS    = 
  CONFIG_COMMANDS = 
  $ ./config.status 

on my-szboo

config.status:887: creating Makefile
config.status:887: creating src/Makefile
config.status:887: creating config.h
config.status:1068: config.h is unchanged
config.status:1116: executing depfiles commands

## ---------------- ##
## Cache variables. ##
## ---------------- ##

ac_cv_build=x86_64-unknown-linux-gnu
ac_cv_c_compiler_gnu=yes
ac_cv_env_CCASFLAGS_set=
ac_cv_env_CCASFLAGS_value=
ac_cv_env_CCAS_set=
ac_cv_env_CCAS_value=
ac_cv_env_CC_set=
ac_cv_env_CC_value=
ac_cv_env_CFLAGS_set=
ac_cv_env_CFLAGS_value=
ac_cv_env_CPPFLAGS_set=
ac_cv_env_CPPFLAGS_value=
ac_cv_env_CPP_set=
ac_cv_env_CPP_value=
ac_cv_env_LDFLAGS_set=
ac_cv_env_LDFLAGS_value=
ac_cv_env_LIBS_set=
ac_cv_env_LIBS_value=
ac_cv_env_build_alias_set=
ac_cv_env_build_alias_value=
ac_cv_env_host_alias_set=
ac_cv_env_host_alias_value=
ac_cv_env_target_alias_set=
ac_cv_env_target_alias_value=
ac_cv_func_atexit=yes
ac_cv_func_getcwd=yes
ac_cv_func_gettimeofday=yes
ac_cv_func_memset=yes
ac_cv_func_strndup=yes
ac_cv_header_SDL_SDL_h=yes
ac_cv_header_fcntl_h=yes
ac_cv_header_inttypes_h=yes
ac_cv_header_memory_h=yes
ac_cv_header_stdc=yes
ac_cv_header_stdint_h=yes
ac_cv_header_stdlib_h=yes
ac_cv_header_string_h=yes
ac_cv_header_strings_h=yes
ac_cv_header_sys_stat_h=yes
ac_cv_header_sys_time_h=yes
ac_cv_header_sys_types_h=yes
ac_cv_header_termios_h=yes
ac_cv_header_unistd_h=yes
ac_cv_host=x86_64-unknown-linux-gnu
ac_cv_lib_SDL_SDL_Init=yes
ac_cv_objext=o
ac_cv_path_EGREP='/bin/grep -E'
ac_cv_path_GREP=/bin/grep
ac_cv_path_install='/usr/bin/install -c'
ac_cv_path_mkdir=/bin/mkdir
ac_cv_prog_AWK=gawk
ac_cv_prog_CPP='gcc -E'
ac_cv_prog_ac_ct_CC=gcc
ac_cv_prog_cc_c89=
ac_cv_prog_cc_g=yes
ac_cv_prog_make_make_set=yes
ac_cv_target=x86_64-unknown-linux-gnu
am_cv_CCAS_dependencies_compiler_type=none
am_cv_CC_dependencies_compiler_type=none
am_cv_make_support_nested_variables=yes
am_cv_prog_cc_c_o=yes

## ----------------- ##
## Output variables. ##
## ----------------- ##

ACLOCAL='${SHELL} /home/saskyrar/Development/Languages/C++/mine/Realboy-Clone/config/missing aclocal-1.14'
AMDEPBACKSLASH='\'
AMDEP_FALSE='#'
AMDEP_TRUE=''
AMTAR='$${TAR-tar}'
AM_BACKSLASH='\'
AM_DEFAULT_V='$(AM_DEFAULT_VERBOSITY)'
AM_DEFAULT_VERBOSITY='1'
AM_V='$(V)'
AUTOCONF='${SHELL} /home/saskyrar/Development/Languages/C++/mine/Realboy-Clone/config/missing autoconf'
AUTOHEADER='${SHELL} /home/saskyrar/Development/Languages/C++/mine/Realboy-Clone/config/missing autoheader'
AUTOMAKE='${SHELL} /home/saskyrar/Development/Languages/C++/mine/Realboy-Clone/config/missing automake-1.14'
AWK='gawk'
CC='gcc'
CCAS='gcc'
CCASDEPMODE='depmode=none'
CCASFLAGS='-g -O2'
CCDEPMODE='depmode=none'
CFLAGS='-g -O2'
CPP='gcc -E'
CPPFLAGS=''
CYGPATH_W='echo'
DEFS='-DHAVE_CONFIG_H'
DEPDIR='.deps'
ECHO_C=''
ECHO_N='-n'
ECHO_T=''
EGREP='/bin/grep -E'
EXEEXT=''
GREP='/bin/grep'
HOST_IS_OPENBSD_FALSE=''
HOST_IS_OPENBSD_TRUE='#'
INSTALL_DATA='${INSTALL} -m 644'
INSTALL_PROGRAM='${INSTALL}'
INSTALL_SCRIPT='${INSTALL}'
INSTALL_STRIP_PROGRAM='$(install_sh) -c -s'
LDFLAGS=''
LIBOBJS=''
LIBS='-lSDL '
LTLIBOBJS=''
MAKEINFO='${SHELL} /home/saskyrar/Development/Languages/C++/mine/Realboy-Clone/config/missing makeinfo'
MKDIR_P='/bin/mkdir -p'
OBJEXT='o'
PACKAGE='realboy'
PACKAGE_BUGREPORT=''
PACKAGE_NAME='RealBoy'
PACKAGE_STRING='RealBoy 0.2.2'
PACKAGE_TARNAME='realboy'
PACKAGE_URL=''
PACKAGE_VERSION='0.2.2'
PATH_SEPARATOR=':'
SET_MAKE=''
SHELL='/bin/bash'
STRIP=''
USE_X86_64_ASM_FALSE='#'
USE_X86_64_ASM_TRUE=''
VERSION='0.2.2'
ac_ct_CC='gcc'
am__EXEEXT_FALSE=''
am__EXEEXT_TRUE='#'
am__fastdepCCAS_FALSE=''
am__fastdepCCAS_TRUE='#'
am__fastdepCC_FALSE=''
am__fastdepCC_TRUE='#'
am__include='include'
am__isrc=''
am__leading_dot='.'
am__nodep='_no'
am__quote=''
am__tar='$${TAR-tar} chof - "$$tardir"'
am__untar='$${TAR-tar} xf -'
bindir='${exec_prefix}/bin'
build='x86_64-unknown-linux-gnu'
build_alias=''
build_cpu='x86_64'
build_os='linux-gnu'
build_vendor='unknown'
datadir='${datarootdir}'
datarootdir='${prefix}/share'
docdir='${datarootdir}/doc/${PACKAGE_TARNAME}'
dvidir='${docdir}'
exec_prefix='${prefix}'
host='x86_64-unknown-linux-gnu'
host_alias=''
host_cpu='x86_64'
host_os='linux-gnu'
host_vendor='unknown'
htmldir='${docdir}'
includedir='${prefix}/include'
infodir='${datarootdir}/info'
install_sh='${SHELL} /home/saskyrar/Development/Languages/C++/mine/Realboy-Clone/config/install-sh'
libdir='${exec_prefix}/lib'
libexecdir='${exec_prefix}/libexec'
localedir='${datarootdir}/locale'
localstatedir='${prefix}/var'
mandir='${datarootdir}/man'
mkdir_p='$(MKDIR_P)'
oldincludedir='/usr/include'
pdfdir='${docdir}'
prefix='/usr/local'
program_transform_name='s,x,x,'
psdir='${docdir}'
sbindir='${exec_prefix}/sbin'
sharedstatedir='${prefix}/com'
sysconfdir='${prefix}/etc'
target='x86_64-unknown-linux-gnu'
target_alias=''
target_cpu='x86_64'
target_os='linux-gnu'
target_vendor='unknown'

## ----------- ##
## confdefs.h. ##
## ----------- ##

/* confdefs.h */
#define PACKAGE_NAME "RealBoy"
#define PACKAGE_TARNAME "realboy"
#define PACKAGE_VERSION "0.2.2"
#define PACKAGE_STRING "RealBoy 0.2.2"
#define PACKAGE_BUGREPORT ""
#define PACKAGE_URL ""
#define PACKAGE "realboy"
#define VERSION "0.2.2"
#define HAVE_LIBSDL 1
#define STDC_HEADERS 1
#define HAVE_SYS_TYPES_H 1
#define HAVE_SYS_STAT_H 1
#define HAVE_STDLIB_H 1
#define HAVE_STRING_H 1
#define HAVE_MEMORY_H 1
#define HAVE_STRINGS_H 1
#define HAVE_INTTYPES_H 1
#define HAVE_STDINT_H 1
#define HAVE_UNISTD_H 1
#define HAVE_FCNTL_H 1
#define HAVE_STDLIB_H 1
#define HAVE_STRING_H 1
#define HAVE_SYS_TIME_H 1
#define HAVE_TERMIOS_H 1
#define HAVE_UNISTD_H 1
#define HAVE_SDL_SDL_H 1
#define HAVE_ATEXIT 1
#define HAVE_GETCWD 1
#define HAVE_GETTIMEOFDAY 1
#define HAVE_MEMSET 1
#define HAVE_STRNDUP 1

configure: exit 0
